0 info it worked if it ends with ok
1 verbose cli [ 'node',
1 verbose cli   '/Users/allenprice/.nvm/v0.10.33/bin/npm',
1 verbose cli   'install',
1 verbose cli   '-g',
1 verbose cli   'git+https://github.com/hackreactor/liberator.git' ]
2 info using npm@2.7.4
3 info using node@v0.10.33
4 silly cache add args [ 'git+https://github.com/hackreactor/liberator.git', null ]
5 verbose cache add spec git+https://github.com/hackreactor/liberator.git
6 silly cache add parsed spec { raw: 'git+https://github.com/hackreactor/liberator.git',
6 silly cache add   scope: null,
6 silly cache add   name: null,
6 silly cache add   rawSpec: 'git+https://github.com/hackreactor/liberator.git',
6 silly cache add   spec: 'git+ssh://git@github.com/hackreactor/liberator.git',
6 silly cache add   type: 'hosted',
6 silly cache add   hosted:
6 silly cache add    { type: 'github',
6 silly cache add      ssh: 'git@github.com:hackreactor/liberator.git',
6 silly cache add      sshUrl: 'git+ssh://git@github.com/hackreactor/liberator.git',
6 silly cache add      httpsUrl: 'https://github.com/hackreactor/liberator.git',
6 silly cache add      directUrl: 'https://raw.githubusercontent.com/hackreactor/liberator/master/package.json' } }
7 info maybeGithub Attempting git+https://github.com/hackreactor/liberator.git from git://github.com/hackreactor/liberator.git
8 verbose addRemoteGit git-github-com-hackreactor-liberator-git-cd458199 not in flight; caching
9 info git [ 'clone',
9 info git   '--template=/Users/allenprice/.npm/_git-remotes/_templates',
9 info git   '--mirror',
9 info git   'git://github.com/hackreactor/liberator.git',
9 info git   '/Users/allenprice/.npm/_git-remotes/git-github-com-hackreactor-liberator-git-cd458199' ]
10 error git clone --template=/Users/allenprice/.npm/_git-remotes/_templates --mirror git://github.com/hackreactor/liberator.git /Users/allenprice/.npm/_git-remotes/git-github-com-hackreactor-liberator-git-cd458199
11 verbose git clone --template=/Users/allenprice/.npm/_git-remotes/_templates --mirror git://github.com/hackreactor/liberator.git /Users/allenprice/.npm/_git-remotes/git-github-com-hackreactor-liberator-git-cd458199: Cloning into bare repository '/Users/allenprice/.npm/_git-remotes/git-github-com-hackreactor-liberator-git-cd458199'...
11 verbose git clone --template=/Users/allenprice/.npm/_git-remotes/_templates --mirror git://github.com/hackreactor/liberator.git /Users/allenprice/.npm/_git-remotes/git-github-com-hackreactor-liberator-git-cd458199: fatal: remote error:
11 verbose git clone --template=/Users/allenprice/.npm/_git-remotes/_templates --mirror git://github.com/hackreactor/liberator.git /Users/allenprice/.npm/_git-remotes/git-github-com-hackreactor-liberator-git-cd458199:   Repository not found.
12 info maybeGithub Couldn't clone git://github.com/hackreactor/liberator.git
13 info maybeGithub Now attempting git+https://github.com/hackreactor/liberator.git from git@github.com:hackreactor/liberator.git
14 verbose addRemoteGit git-github-com-hackreactor-liberator-git-e017fbf0 not in flight; caching
15 info git [ 'clone',
15 info git   '--template=/Users/allenprice/.npm/_git-remotes/_templates',
15 info git   '--mirror',
15 info git   'git@github.com:hackreactor/liberator.git',
15 info git   '/Users/allenprice/.npm/_git-remotes/git-github-com-hackreactor-liberator-git-e017fbf0' ]
16 error git clone --template=/Users/allenprice/.npm/_git-remotes/_templates --mirror git@github.com:hackreactor/liberator.git /Users/allenprice/.npm/_git-remotes/git-github-com-hackreactor-liberator-git-e017fbf0
17 error git clone --template=/Users/allenprice/.npm/_git-remotes/_templates --mirror git@github.com:hackreactor/liberator.git /Users/allenprice/.npm/_git-remotes/git-github-com-hackreactor-liberator-git-e017fbf0: Cloning into bare repository '/Users/allenprice/.npm/_git-remotes/git-github-com-hackreactor-liberator-git-e017fbf0'...
17 error git clone --template=/Users/allenprice/.npm/_git-remotes/_templates --mirror git@github.com:hackreactor/liberator.git /Users/allenprice/.npm/_git-remotes/git-github-com-hackreactor-liberator-git-e017fbf0: Permission denied (publickey).
17 error git clone --template=/Users/allenprice/.npm/_git-remotes/_templates --mirror git@github.com:hackreactor/liberator.git /Users/allenprice/.npm/_git-remotes/git-github-com-hackreactor-liberator-git-e017fbf0: fatal: Could not read from remote repository.
17 error git clone --template=/Users/allenprice/.npm/_git-remotes/_templates --mirror git@github.com:hackreactor/liberator.git /Users/allenprice/.npm/_git-remotes/git-github-com-hackreactor-liberator-git-e017fbf0:
17 error git clone --template=/Users/allenprice/.npm/_git-remotes/_templates --mirror git@github.com:hackreactor/liberator.git /Users/allenprice/.npm/_git-remotes/git-github-com-hackreactor-liberator-git-e017fbf0: Please make sure you have the correct access rights
17 error git clone --template=/Users/allenprice/.npm/_git-remotes/_templates --mirror git@github.com:hackreactor/liberator.git /Users/allenprice/.npm/_git-remotes/git-github-com-hackreactor-liberator-git-e017fbf0: and the repository exists.
18 verbose stack Error: Command failed: Cloning into bare repository '/Users/allenprice/.npm/_git-remotes/git-github-com-hackreactor-liberator-git-e017fbf0'...
18 verbose stack Permission denied (publickey).
18 verbose stack fatal: Could not read from remote repository.
18 verbose stack
18 verbose stack Please make sure you have the correct access rights
18 verbose stack and the repository exists.
18 verbose stack
18 verbose stack     at ChildProcess.exithandler (child_process.js:648:15)
18 verbose stack     at ChildProcess.emit (events.js:98:17)
18 verbose stack     at maybeClose (child_process.js:756:16)
18 verbose stack     at Socket.<anonymous> (child_process.js:969:11)
18 verbose stack     at Socket.emit (events.js:95:17)
18 verbose stack     at Pipe.close (net.js:465:12)
19 verbose cwd /Users/allenprice/Documents/hr/prefix/2015-02/2015-02-shortly-deploy
20 error Darwin 13.4.0
21 error argv "node" "/Users/allenprice/.nvm/v0.10.33/bin/npm" "install" "-g" "git+https://github.com/hackreactor/liberator.git"
22 error node v0.10.33
23 error npm  v2.7.4
24 error code 128
25 error Command failed: Cloning into bare repository '/Users/allenprice/.npm/_git-remotes/git-github-com-hackreactor-liberator-git-e017fbf0'...
25 error Permission denied (publickey).
25 error fatal: Could not read from remote repository.
25 error
25 error Please make sure you have the correct access rights
25 error and the repository exists.
26 error If you need help, you may report this error at:
26 error     <https://github.com/npm/npm/issues>
27 verbose exit [ 1, true ]
